{"uuid":"5fd9ee37-07e8-45c1-93bf-9b6b77a6e300","historyId":"bc06e983a72da6149d1991163cf3bb7","testCaseId":"6045177dcda00a097722a9122ace0cbd","fullName":"src/test/resources/Selenium/Cucumber/Dashboard.feature:12","labels":[{"name":"host","value":"Rohits-MacBook-Air.local"},{"name":"thread","value":"52956@Rohits-MacBook-Air.local.TestNG-test-Surefire test-1(27)"},{"name":"feature","value":"Dashboard"},{"name":"story","value":"Verify Dashboard page"},{"name":"suite","value":"Dashboard"},{"name":"testClass","value":"Verify Dashboard page"},{"name":"framework","value":"cucumber4jvm"},{"name":"language","value":"java"},{"name":"gherkin_uri","value":"file:///Users/rohitsharma/eclipse-workspace/MyAutomationProject/src/test/resources/Selenium/Cucumber/Dashboard.feature"},{"name":"package","value":"src.test.resources.Selenium.Cucumber.Dashboard_feature.Dashboard"}],"links":[],"name":"Verify Dashboard page","status":"failed","statusDetails":{"known":false,"muted":false,"flaky":false,"message":"expected [true] but found [false]","trace":"java.lang.AssertionError: expected [true] but found [false]\n\tat org.testng.Assert.fail(Assert.java:111)\n\tat org.testng.Assert.failNotEquals(Assert.java:1578)\n\tat org.testng.Assert.assertTrue(Assert.java:57)\n\tat org.testng.Assert.assertTrue(Assert.java:67)\n\tat Selenium.Cucumber.StepDefinitions.i_check_transaction_on_then_status_should_be_and_amount_should_be(StepDefinitions.java:208)\n\tat ✽.I check transaction \"Star\" on \"transactionrowbasedonTransactionName\" then status should be \"Complete\" and amount should be 1250(file:///Users/rohitsharma/eclipse-workspace/MyAutomationProject/src/test/resources/Selenium/Cucumber/Dashboard.feature:8)\n"},"stage":"finished","steps":[{"name":"Given I am on Login page","status":"passed","statusDetails":{"known":false,"muted":false,"flaky":false},"stage":"finished","steps":[],"attachments":[],"parameters":[],"start":1755678450416,"stop":1755678450417},{"name":"When I enter \"rohit\" in \"loginusername\" field","status":"passed","statusDetails":{"known":false,"muted":false,"flaky":false},"stage":"finished","steps":[],"attachments":[],"parameters":[],"start":1755678450417,"stop":1755678450523},{"name":"And I enter \"rohit\" in \"loginpassword\" field","status":"passed","statusDetails":{"known":false,"muted":false,"flaky":false},"stage":"finished","steps":[],"attachments":[],"parameters":[],"start":1755678450523,"stop":1755678450557},{"name":"And I click on \"loginsigninbutton\"","status":"passed","statusDetails":{"known":false,"muted":false,"flaky":false},"stage":"finished","steps":[],"attachments":[],"parameters":[],"start":1755678450557,"stop":1755678451000},{"name":"Then I check transaction \"Star\" on \"transactionrowbasedonTransactionName\" then status should be \"Complete\" and amount should be 1250","status":"failed","statusDetails":{"known":false,"muted":false,"flaky":false,"message":"expected [true] but found [false]","trace":"java.lang.AssertionError: expected [true] but found [false]\n\tat org.testng.Assert.fail(Assert.java:111)\n\tat org.testng.Assert.failNotEquals(Assert.java:1578)\n\tat org.testng.Assert.assertTrue(Assert.java:57)\n\tat org.testng.Assert.assertTrue(Assert.java:67)\n\tat Selenium.Cucumber.StepDefinitions.i_check_transaction_on_then_status_should_be_and_amount_should_be(StepDefinitions.java:208)\n\tat ✽.I check transaction \"Star\" on \"transactionrowbasedonTransactionName\" then status should be \"Complete\" and amount should be 1250(file:///Users/rohitsharma/eclipse-workspace/MyAutomationProject/src/test/resources/Selenium/Cucumber/Dashboard.feature:8)\n"},"stage":"finished","steps":[],"attachments":[],"parameters":[],"start":1755678451000,"stop":1755678451067}],"attachments":[],"parameters":[{"name":"","value":""},{"name":"username","value":"\"rohit\""},{"name":"","value":""},{"name":"password","value":"\"rohit\""},{"name":"","value":""},{"name":"transactionname","value":"\"Star\""},{"name":"","value":""},{"name":"status","value":"\"Complete\""},{"name":"","value":""},{"name":"field","value":"\"transactionrowbasedonTransactionName\""},{"name":"","value":""},{"name":"Amount","value":"1250"},{"name":"","value":""}],"start":1755678447670,"stop":1755678451759}