-------------------------------------------------------------------------------
Test set: Selenium.Cucumber.RunCucumberTest
-------------------------------------------------------------------------------
Tests run: 7, Failures: 1, Errors: 0, Skipped: 0, Time elapsed: 23.06 s <<< FAILURE! -- in Selenium.Cucumber.RunCucumberTest
Selenium.Cucumber.RunCucumberTest.runScenario["Validate BrokenImages page", "All Possible Situations"](5) -- Time elapsed: 15.63 s <<< FAILURE!
java.lang.Exception: Assertion error for test Validate BrokenImages page
	at Selenium.Cucumber.TestBase.after(TestBase.java:123)

