-------------------------------------------------------------------------------
Test set: TestSuite
-------------------------------------------------------------------------------
Tests run: 7, Failures: 7, Errors: 0, Skipped: 0, Time elapsed: 5.993 s <<< FAILURE! -- in TestSuite
Selenium.Cucumber.RunCucumberTest.runScenario["Validate DragDrop page", "All Possible Situations"](3) -- Time elapsed: 5.145 s <<< FAILURE!
java.lang.NullPointerException: Cannot invoke "org.openqa.selenium.WebDriver.findElement(org.openqa.selenium.By)" because the return value of "java.lang.ThreadLocal.get()" is null
	at Selenium.Cucumber.TestBase.getElement(TestBase.java:152)
	at Selenium.Cucumber.StepDefinitions.i_click_on(StepDefinitions.java:144)
	at ✽.I click on "DragAndDrop"(file:///Users/rohitsharma/eclipse-workspace/MyAutomationProject/src/test/resources/Selenium/Cucumber/HandleDifferentCases.feature:45)

Selenium.Cucumber.RunCucumberTest.runScenario["Validate AddRemove elements page", "All Possible Situations"](5) -- Time elapsed: 5.148 s <<< FAILURE!
java.lang.NullPointerException: Cannot invoke "org.openqa.selenium.WebDriver.findElement(org.openqa.selenium.By)" because the return value of "java.lang.ThreadLocal.get()" is null
	at Selenium.Cucumber.TestBase.getElement(TestBase.java:152)
	at Selenium.Cucumber.StepDefinitions.i_click_on(StepDefinitions.java:144)
	at ✽.I click on "AddRemoveElements"(file:///Users/rohitsharma/eclipse-workspace/MyAutomationProject/src/test/resources/Selenium/Cucumber/HandleDifferentCases.feature:12)

Selenium.Cucumber.RunCucumberTest.runScenario["Validate basicAuth page", "All Possible Situations"](7) -- Time elapsed: 5.148 s <<< FAILURE!
java.lang.NullPointerException: Cannot invoke "org.openqa.selenium.HasAuthentication.register(java.util.function.Supplier)" because "authentication" is null
	at Selenium.Cucumber.StepDefinitions.i_autheticate_user_with_credentials(StepDefinitions.java:51)
	at ✽.I autheticate user with credentials(file:///Users/rohitsharma/eclipse-workspace/MyAutomationProject/src/test/resources/Selenium/Cucumber/HandleDifferentCases.feature:19)

Selenium.Cucumber.RunCucumberTest.runScenario["Validate BrokenImages page", "All Possible Situations"](3) -- Time elapsed: 5.148 s <<< FAILURE!
java.lang.NullPointerException: Cannot invoke "org.openqa.selenium.WebDriver.findElement(org.openqa.selenium.By)" because the return value of "java.lang.ThreadLocal.get()" is null
	at Selenium.Cucumber.TestBase.getElement(TestBase.java:152)
	at Selenium.Cucumber.StepDefinitions.i_click_on(StepDefinitions.java:144)
	at ✽.I click on "BrokenImages"(file:///Users/rohitsharma/eclipse-workspace/MyAutomationProject/src/test/resources/Selenium/Cucumber/HandleDifferentCases.feature:25)

Selenium.Cucumber.RunCucumberTest.runScenario["Validate ContextMenu elements page", "All Possible Situations"](6) -- Time elapsed: 5.148 s <<< FAILURE!
java.lang.NullPointerException: Cannot invoke "org.openqa.selenium.WebDriver.findElement(org.openqa.selenium.By)" because the return value of "java.lang.ThreadLocal.get()" is null
	at Selenium.Cucumber.TestBase.getElement(TestBase.java:152)
	at Selenium.Cucumber.StepDefinitions.i_click_on(StepDefinitions.java:144)
	at ✽.I click on "ContextMenu"(file:///Users/rohitsharma/eclipse-workspace/MyAutomationProject/src/test/resources/Selenium/Cucumber/HandleDifferentCases.feature:38)

Selenium.Cucumber.RunCucumberTest.runScenario["Validate ABTesting page", "All Possible Situations"](3) -- Time elapsed: 5.148 s <<< FAILURE!
java.lang.NullPointerException: Cannot invoke "org.openqa.selenium.WebDriver.findElement(org.openqa.selenium.By)" because the return value of "java.lang.ThreadLocal.get()" is null
	at Selenium.Cucumber.TestBase.getElement(TestBase.java:152)
	at Selenium.Cucumber.StepDefinitions.i_click_on(StepDefinitions.java:144)
	at ✽.I click on "ABTesting"(file:///Users/rohitsharma/eclipse-workspace/MyAutomationProject/src/test/resources/Selenium/Cucumber/HandleDifferentCases.feature:6)

Selenium.Cucumber.RunCucumberTest.runScenario["Validate ChallengingDOM elements page", "All Possible Situations"](5) -- Time elapsed: 5.148 s <<< FAILURE!
java.lang.NullPointerException: Cannot invoke "org.openqa.selenium.WebDriver.findElement(org.openqa.selenium.By)" because the return value of "java.lang.ThreadLocal.get()" is null
	at Selenium.Cucumber.TestBase.getElement(TestBase.java:152)
	at Selenium.Cucumber.StepDefinitions.i_click_on(StepDefinitions.java:144)
	at ✽.I click on "ChallengingDOM"(file:///Users/rohitsharma/eclipse-workspace/MyAutomationProject/src/test/resources/Selenium/Cucumber/HandleDifferentCases.feature:31)

